<?xml version="1.0" encoding="UTF-8" ?>
<testsuite tests="4" failures="0" name="de.vsys.project.tests.JHUTest" time="8.821" errors="0" skipped="0">
  <properties>
    <property name="idea.version" value="2020.3.2"/>
    <property name="java.runtime.name" value="OpenJDK Runtime Environment"/>
    <property name="java.vm.version" value="14.0.2+12"/>
    <property name="sun.boot.library.path" value="C:\Program Files\Java\jdk-14.0.2.12-hotspot\bin"/>
    <property name="maven.multiModuleProjectDirectory" value="C:\Users\Mike\IdeaProjects\GitHub\VS-P\VerteilteSystemeProjekt"/>
    <property name="java.vm.vendor" value="AdoptOpenJDK"/>
    <property name="java.vendor.url" value="https://adoptopenjdk.net/"/>
    <property name="guice.disable.misplaced.annotation.check" value="true"/>
    <property name="path.separator" value=";"/>
    <property name="java.vm.name" value="OpenJDK 64-Bit Server VM"/>
    <property name="sun.os.patch.level" value=""/>
    <property name="user.script" value=""/>
    <property name="user.country" value="DE"/>
    <property name="sun.java.launcher" value="SUN_STANDARD"/>
    <property name="java.vm.specification.name" value="Java Virtual Machine Specification"/>
    <property name="user.dir" value="C:\Users\Mike\IdeaProjects\GitHub\VS-P\VerteilteSystemeProjekt"/>
    <property name="java.vm.compressedOopsMode" value="32-bit"/>
    <property name="java.runtime.version" value="14.0.2+12"/>
    <property name="os.arch" value="amd64"/>
    <property name="java.io.tmpdir" value="C:\Users\Mike\AppData\Local\Temp\"/>
    <property name="line.separator" value="
"/>
    <property name="java.vm.specification.vendor" value="Oracle Corporation"/>
    <property name="user.variant" value=""/>
    <property name="os.name" value="Windows 10"/>
    <property name="maven.ext.class.path" value="C:\Users\Mike\AppData\Local\JetBrains\Toolbox\apps\IDEA-C\ch-0\203.7148.57\plugins\maven\lib\maven-event-listener.jar"/>
    <property name="classworlds.conf" value="C:\Users\Mike\AppData\Local\JetBrains\Toolbox\apps\IDEA-C\ch-0\203.7148.57\plugins\maven\lib\maven3\bin\m2.conf"/>
    <property name="sun.jnu.encoding" value="Cp1252"/>
    <property name="java.library.path" value="C:\Program Files\Java\jdk-14.0.2.12-hotspot\bin;C:\WINDOWS\Sun\Java\bin;C:\WINDOWS\system32;C:\WINDOWS;C:\Program Files\AdoptOpenJDK\jdk-14.0.2.12-hotspot\bin;C:\Program Files (x86)\NVIDIA Corporation\PhysX\Common;C:\Program Files\Python37\Scripts\;C:\Program Files\Python37\;C:\Program Files (x86)\Common Files\Oracle\Java\javapath;C:\WINDOWS\system32;C:\WINDOWS;C:\WINDOWS\System32\Wbem;C:\WINDOWS\System32\WindowsPowerShell\v1.0\;C:\WINDOWS\System32\OpenSSH\;C:\Program Files\dotnet\;C:\Program Files\Microsoft SQL Server\130\Tools\Binn\;C:\Program Files\Git\cmd;C:\Program Files\Microsoft SQL Server\Client SDK\ODBC\170\Tools\Binn\;C:\Users\Mike\Desktop\apache-maven-3.6.3\bin;C:\Users\Mike\AppData\Local\Programs\Python\Python39\Scripts\;C:\Users\Mike\AppData\Local\Programs\Python\Python39\;C:\Users\Mike\AppData\Local\Microsoft\WindowsApps;C:\Users\Mike\AppData\Local\Programs\Microsoft VS Code\bin;C:\Users\Mike\AppData\Local\GitHubDesktop\bin;C:\Program Files\heroku\bin;."/>
    <property name="maven.conf" value="C:\Users\Mike\AppData\Local\JetBrains\Toolbox\apps\IDEA-C\ch-0\203.7148.57\plugins\maven\lib\maven3/conf"/>
    <property name="jdk.debug" value="release"/>
    <property name="java.class.version" value="58.0"/>
    <property name="java.specification.name" value="Java Platform API Specification"/>
    <property name="sun.management.compiler" value="HotSpot 64-Bit Tiered Compilers"/>
    <property name="os.version" value="10.0"/>
    <property name="user.home" value="C:\Users\Mike"/>
    <property name="user.timezone" value="Europe/Berlin"/>
    <property name="file.encoding" value="UTF-8"/>
    <property name="java.specification.version" value="14"/>
    <property name="user.name" value="Mike"/>
    <property name="java.class.path" value="C:\Users\Mike\AppData\Local\JetBrains\Toolbox\apps\IDEA-C\ch-0\203.7148.57\plugins\maven\lib\maven3\boot\plexus-classworlds-2.6.0.jar;C:\Users\Mike\AppData\Local\JetBrains\Toolbox\apps\IDEA-C\ch-0\203.7148.57\plugins\maven\lib\maven3\boot\plexus-classworlds.license"/>
    <property name="java.vm.specification.version" value="14"/>
    <property name="sun.arch.data.model" value="64"/>
    <property name="sun.java.command" value="org.codehaus.classworlds.Launcher -Didea.version=2020.3.2 org.apache.maven.plugins:maven-assembly-plugin:2.2-beta-5:assembly"/>
    <property name="java.home" value="C:\Program Files\Java\jdk-14.0.2.12-hotspot"/>
    <property name="user.language" value="de"/>
    <property name="java.specification.vendor" value="Oracle Corporation"/>
    <property name="java.vm.info" value="mixed mode, sharing"/>
    <property name="java.version" value="14.0.2"/>
    <property name="java.vendor" value="AdoptOpenJDK"/>
    <property name="maven.home" value="C:\Users\Mike\AppData\Local\JetBrains\Toolbox\apps\IDEA-C\ch-0\203.7148.57\plugins\maven\lib\maven3"/>
    <property name="file.separator" value="\"/>
    <property name="java.version.date" value="2020-07-14"/>
    <property name="java.vendor.url.bug" value="https://github.com/AdoptOpenJDK/openjdk-support/issues"/>
    <property name="sun.io.unicode.encoding" value="UnicodeLittle"/>
    <property name="sun.cpu.endian" value="little"/>
    <property name="java.vendor.version" value="AdoptOpenJDK"/>
    <property name="sun.cpu.isalist" value="amd64"/>
  </properties>
  <testcase classname="de.vsys.project.tests.JHUTest" name="de.vsys.project.tests.JHUTest.testIncreaseFromLastTwentyFourHours" time="2.743"/>
  <testcase classname="de.vsys.project.tests.JHUTest" name="de.vsys.project.tests.JHUTest.testInfectionsFromLastTwentyFourHours" time="2.043"/>
  <testcase classname="de.vsys.project.tests.JHUTest" name="de.vsys.project.tests.JHUTest.testTotalInfections" time="2.021"/>
  <testcase classname="de.vsys.project.tests.JHUTest" name="de.vsys.project.tests.JHUTest.testAverageIncreaseFromLastNDays" time="2.014"/>
</testsuite>